<?xml version="1.0" encoding="UTF-8"?>
<!-- Generated by org.testng.reporters.JUnitXMLReporter -->
<testsuite ignored="0" hostname="Dhananjay" failures="2" tests="3" name="Error Validations Test" time="45.405" errors="0" timestamp="24 Apr 2026 09:23:28 GMT">
  <testcase classname="DUMAcademy.Tests.ErrorValidationsTest" name="loginErrorValidation" time="1.101">
    <skipped/>
  </testcase> <!-- loginErrorValidation -->
  <testcase classname="DUMAcademy.Tests.ErrorValidationsTest" name="loginErrorValidation" time="0.905">
    <failure type="java.lang.AssertionError" message="expected [Incorrect email or password.] but found [Incorrect email password.]">
      <![CDATA[java.lang.AssertionError: expected [Incorrect email or password.] but found [Incorrect email password.]
at DUMAcademy.Tests.ErrorValidationsTest.loginErrorValidation(ErrorValidationsTest.java:34)
at java.base/java.util.concurrent.FutureTask.run(FutureTask.java:317)
at java.base/java.util.concurrent.ThreadPoolExecutor.runWorker(ThreadPoolExecutor.java:1144)
at java.base/java.util.concurrent.ThreadPoolExecutor$Worker.run(ThreadPoolExecutor.java:642)
at java.base/java.lang.Thread.run(Thread.java:1589)
... Removed 20 stack frames]]>
    </failure>
  </testcase> <!-- loginErrorValidation -->
  <testcase classname="DUMAcademy.Tests.ErrorValidationsTest" name="productErrorValidation" time="25.003">
    <failure type="java.lang.AssertionError" message="expected [true] but found [false]">
      <![CDATA[java.lang.AssertionError: expected [true] but found [false]
at DUMAcademy.Tests.ErrorValidationsTest.productErrorValidation(ErrorValidationsTest.java:46)
at java.base/java.util.concurrent.FutureTask.run(FutureTask.java:317)
at java.base/java.util.concurrent.ThreadPoolExecutor.runWorker(ThreadPoolExecutor.java:1144)
at java.base/java.util.concurrent.ThreadPoolExecutor$Worker.run(ThreadPoolExecutor.java:642)
at java.base/java.lang.Thread.run(Thread.java:1589)
... Removed 18 stack frames]]>
    </failure>
  </testcase> <!-- productErrorValidation -->
</testsuite> <!-- Error Validations Test -->
