<?xml version="1.0" encoding="UTF-8"?>
<!-- Generated by org.testng.reporters.JUnitXMLReporter -->
<testsuite ignored="0" hostname="Dhananjay" failures="0" tests="3" name="Submit Order Test" time="46.356" errors="0" timestamp="24 Apr 2026 09:23:29 GMT">
  <testcase classname="DUMAcademy.Tests.SubmitOrderTest" name="submitOrder" time="17.843"/>
  <testcase classname="DUMAcademy.Tests.SubmitOrderTest" name="submitOrder" time="4.529"/>
  <testcase classname="DUMAcademy.Tests.SubmitOrderTest" name="orderHistoryTest" time="1.934"/>
</testsuite> <!-- Submit Order Test -->
