<?xml version="1.0" encoding="UTF-8"?>
<!-- Generated by org.testng.reporters.JUnitReportReporter -->
<testsuite hostname="Dhananjay" failures="0" tests="3" name="DUMAcademy.Tests.SubmitOrderTest" time="45.650" errors="0" timestamp="24 Apr 2026 09:23:30 GMT" skipped="0">
  <testcase classname="DUMAcademy.Tests.SubmitOrderTest" name="submitOrder" time="23.306"/>
  <testcase classname="DUMAcademy.Tests.SubmitOrderTest" name="orderHistoryTest" time="7.483"/>
  <testcase classname="DUMAcademy.Tests.SubmitOrderTest" name="submitOrder" time="14.861"/>
</testsuite> <!-- DUMAcademy.Tests.SubmitOrderTest -->
